<?xml version="1.0" encoding="UTF-8"?>
<!-- Generated by org.testng.reporters.JUnitReportReporter -->
<testsuite hostname="DESKTOP-P2BVMSV" failures="0" tests="1" name="test.SearchTest" time="17.337" errors="0" timestamp="2024-04-29T23:11:41 BDT" skipped="0">
  <testcase classname="test.SearchTest" name="SearchPage" time="17.337"/>
  <system-out/>
</testsuite> <!-- test.SearchTest -->
