<?xml version="1.0" encoding="UTF-8"?>
<!-- Generated by org.testng.reporters.JUnitReportReporter -->
<testsuite hostname="DESKTOP-P2BVMSV" failures="0" tests="1" name="test.FrontPageTest" time="40.588" errors="0" timestamp="2024-04-29T23:11:41 BDT" skipped="0">
  <testcase classname="test.FrontPageTest" name="FrontPage" time="40.588"/>
  <system-out/>
</testsuite> <!-- test.FrontPageTest -->
